Determining if the pthread_create exist failed with the following output:
Change Dir: /root/caffe/build/CMakeFiles/CMakeTmp

Run Build Command:/usr/bin/make "cmTryCompileExec2889963083/fast"
/usr/bin/make -f CMakeFiles/cmTryCompileExec2889963083.dir/build.make CMakeFiles/cmTryCompileExec2889963083.dir/build
make[1]: Entering directory `/root/caffe/build/CMakeFiles/CMakeTmp'
/usr/bin/cmake -E cmake_progress_report /root/caffe/build/CMakeFiles/CMakeTmp/CMakeFiles 1
Building C object CMakeFiles/cmTryCompileExec2889963083.dir/CheckSymbolExists.c.o
/usr/bin/cc    -o CMakeFiles/cmTryCompileExec2889963083.dir/CheckSymbolExists.c.o   -c /root/caffe/build/CMakeFiles/CMakeTmp/CheckSymbolExists.c
Linking C executable cmTryCompileExec2889963083
/usr/bin/cmake -E cmake_link_script CMakeFiles/cmTryCompileExec2889963083.dir/link.txt --verbose=1
/usr/bin/cc       CMakeFiles/cmTryCompileExec2889963083.dir/CheckSymbolExists.c.o  -o cmTryCompileExec2889963083 -rdynamic 
CMakeFiles/cmTryCompileExec2889963083.dir/CheckSymbolExists.c.o: In function `main':
CheckSymbolExists.c:(.text+0x16): undefined reference to `pthread_create'
collect2: error: ld returned 1 exit status
make[1]: Leaving directory `/root/caffe/build/CMakeFiles/CMakeTmp'
make[1]: *** [cmTryCompileExec2889963083] Error 1
make: *** [cmTryCompileExec2889963083/fast] Error 2

File /root/caffe/build/CMakeFiles/CMakeTmp/CheckSymbolExists.c:
/* */
#include <pthread.h>

int main(int argc, char** argv)
{
  (void)argv;
#ifndef pthread_create
  return ((int*)(&pthread_create))[argc];
#else
  (void)argc;
  return 0;
#endif
}

Determining if the function pthread_create exists in the pthreads failed with the following output:
Change Dir: /root/caffe/build/CMakeFiles/CMakeTmp

Run Build Command:/usr/bin/make "cmTryCompileExec3479934194/fast"
/usr/bin/make -f CMakeFiles/cmTryCompileExec3479934194.dir/build.make CMakeFiles/cmTryCompileExec3479934194.dir/build
make[1]: Entering directory `/root/caffe/build/CMakeFiles/CMakeTmp'
/usr/bin/cmake -E cmake_progress_report /root/caffe/build/CMakeFiles/CMakeTmp/CMakeFiles 1
Building C object CMakeFiles/cmTryCompileExec3479934194.dir/CheckFunctionExists.c.o
/usr/bin/cc   -DCHECK_FUNCTION_EXISTS=pthread_create   -o CMakeFiles/cmTryCompileExec3479934194.dir/CheckFunctionExists.c.o   -c /usr/share/cmake-2.8/Modules/CheckFunctionExists.c
Linking C executable cmTryCompileExec3479934194
/usr/bin/cmake -E cmake_link_script CMakeFiles/cmTryCompileExec3479934194.dir/link.txt --verbose=1
/usr/bin/cc   -DCHECK_FUNCTION_EXISTS=pthread_create    CMakeFiles/cmTryCompileExec3479934194.dir/CheckFunctionExists.c.o  -o cmTryCompileExec3479934194 -rdynamic -lpthreads 
/usr/bin/ld: cannot find -lpthreads
collect2: error: ld returned 1 exit status
make[1]: *** [cmTryCompileExec3479934194] Error 1
make[1]: Leaving directory `/root/caffe/build/CMakeFiles/CMakeTmp'
make: *** [cmTryCompileExec3479934194/fast] Error 2


